[20:24:51.747][info] [#0:/home/leonardson/dotfiles/scripts/.local/lua-language-server/main.lua:65]: Lua Lsp startup, root: 	/home/leonardson/dotfiles/scripts/.local/lua-language-server
[20:24:51.747][info] [#0:/home/leonardson/dotfiles/scripts/.local/lua-language-server/main.lua:66]: ROOT:	/home/leonardson/dotfiles/scripts/.local/lua-language-server
[20:24:51.747][info] [#0:/home/leonardson/dotfiles/scripts/.local/lua-language-server/main.lua:67]: LOGPATH:	/home/leonardson/dotfiles/scripts/.local/lua-language-server/log
[20:24:51.747][info] [#0:/home/leonardson/dotfiles/scripts/.local/lua-language-server/main.lua:68]: METAPATH:	/home/leonardson/dotfiles/scripts/.local/lua-language-server/meta
[20:24:51.747][info] [#0:/home/leonardson/dotfiles/scripts/.local/lua-language-server/main.lua:69]: VERSION:	3.5.1
[20:24:51.796][info] [#0:script/service/service.lua:141]: 
========= Medical Examination Report =========
    --------------- Memory ---------------
        Total: 1.545 MB
        # 00 : 1.545 MB
        # 01 : 0.000 MB
        # 02 : 0.000 MB
        # 03 : 0.000 MB
        # 04 : 0.000 MB
    --------------- Coroutine ---------------
        Total:     0
        Running:   0
        Suspended: 0
        Normal:    0
        Dead:      0
    --------------- Cache ---------------
        Total: 1
        Dead:  0
    ---------------  RPC  ---------------
        Holdon:   0
        Waiting:  0
==============================================
[20:24:51.912][info] [#0:script/language.lua:137]: VSC language: nil
[20:24:51.912][info] [#0:script/language.lua:138]: LS  language: en-us
[20:24:51.912][info] [#0:script/workspace/workspace.lua:38]: Workspace init root: 	file:///home/leonardson/dotfiles
[20:24:51.912][info] [#0:script/workspace/workspace.lua:42]: Log path: 	/home/leonardson/dotfiles/scripts/.local/lua-language-server/log/file_home_leonardson_dotfiles.log
[20:24:51.912][info] [#0:script/workspace/workspace.lua:49]: Workspace create: 	file:///home/leonardson/dotfiles
[20:24:52.018][info] [#0:script/provider/provider.lua:42]: Load config from client	file:///home/leonardson/dotfiles
[20:24:52.018][info] [#0:script/provider/provider.lua:43]: {
  Lua = {
    diagnostics = {
      globals = { "vim" }
    },
    runtime = {
      path = { "./?.lua", "/home/runner/work/neovim/neovim/.deps/usr/share/luajit-2.1.0-beta3/?.lua", "/usr/local/share/lua/5.1/?.lua", "/usr/local/share/lua/5.1/?/init.lua", "/home/runner/work/neovim/neovim/.deps/usr/share/lua/5.1/?.lua", "/home/runner/work/neovim/neovim/.deps/usr/share/lua/5.1/?/init.lua", "/home/leonardson/.cache/nvim/packer_hererocks/2.1.0-beta3/share/lua/5.1/?.lua", "/home/leonardson/.cache/nvim/packer_hererocks/2.1.0-beta3/share/lua/5.1/?/init.lua", "/home/leonardson/.cache/nvim/packer_hererocks/2.1.0-beta3/lib/luarocks/rocks-5.1/?.lua", "/home/leonardson/.cache/nvim/packer_hererocks/2.1.0-beta3/lib/luarocks/rocks-5.1/?/init.lua" },
      version = "LuaJIT"
    },
    telemetry = {
      enable = false
    },
    workspace = {
      library = {
        ["/tmp/.mount_nvimWLMkjW/usr/share/nvim/runtime/lua"] = true,
        ["/tmp/.mount_nvimWLMkjW/usr/share/nvim/runtime/lua/vim/lsp"] = true
      }
    }
  }
}
[20:24:52.018][info] [#0:script/provider/provider.lua:49]: Load config from .luarc.json/.luarc.jsonc	file:///home/leonardson/dotfiles
[20:24:52.018][info] [#0:script/provider/provider.lua:50]: {
  ["$schema"] = "https://raw.githubusercontent.com/sumneko/vscode-lua/master/setting/schema.json",
  ["Lua.workspace.checkThirdParty"] = false,
  ["Lua.workspace.library"] = { "${3rd}/lovr/library" }
}
[20:24:52.019][info] [#0:script/provider/provider.lua:42]: Load config from client	file:///home/leonardson/dotfiles
[20:24:52.019][info] [#0:script/provider/provider.lua:43]: {
  Lua = {
    diagnostics = {
      globals = { "vim" }
    },
    runtime = {
      path = { "./?.lua", "/home/runner/work/neovim/neovim/.deps/usr/share/luajit-2.1.0-beta3/?.lua", "/usr/local/share/lua/5.1/?.lua", "/usr/local/share/lua/5.1/?/init.lua", "/home/runner/work/neovim/neovim/.deps/usr/share/lua/5.1/?.lua", "/home/runner/work/neovim/neovim/.deps/usr/share/lua/5.1/?/init.lua", "/home/leonardson/.cache/nvim/packer_hererocks/2.1.0-beta3/share/lua/5.1/?.lua", "/home/leonardson/.cache/nvim/packer_hererocks/2.1.0-beta3/share/lua/5.1/?/init.lua", "/home/leonardson/.cache/nvim/packer_hererocks/2.1.0-beta3/lib/luarocks/rocks-5.1/?.lua", "/home/leonardson/.cache/nvim/packer_hererocks/2.1.0-beta3/lib/luarocks/rocks-5.1/?/init.lua" },
      version = "LuaJIT"
    },
    telemetry = {
      enable = false
    },
    workspace = {
      library = {
        ["/tmp/.mount_nvimWLMkjW/usr/share/nvim/runtime/lua"] = true,
        ["/tmp/.mount_nvimWLMkjW/usr/share/nvim/runtime/lua/vim/lsp"] = true
      }
    }
  }
}
[20:24:52.019][info] [#0:script/provider/provider.lua:49]: Load config from .luarc.json/.luarc.jsonc	file:///home/leonardson/dotfiles
[20:24:52.019][info] [#0:script/provider/provider.lua:50]: {
  ["$schema"] = "https://raw.githubusercontent.com/sumneko/vscode-lua/master/setting/schema.json",
  ["Lua.workspace.checkThirdParty"] = false,
  ["Lua.workspace.library"] = { "${3rd}/lovr/library" }
}
[20:24:52.020][info] [#0:script/provider/provider.lua:42]: Load config from client	file:///home/leonardson/dotfiles
[20:24:52.020][info] [#0:script/provider/provider.lua:43]: {
  Lua = {
    diagnostics = {
      globals = { "vim" }
    },
    runtime = {
      path = { "./?.lua", "/home/runner/work/neovim/neovim/.deps/usr/share/luajit-2.1.0-beta3/?.lua", "/usr/local/share/lua/5.1/?.lua", "/usr/local/share/lua/5.1/?/init.lua", "/home/runner/work/neovim/neovim/.deps/usr/share/lua/5.1/?.lua", "/home/runner/work/neovim/neovim/.deps/usr/share/lua/5.1/?/init.lua", "/home/leonardson/.cache/nvim/packer_hererocks/2.1.0-beta3/share/lua/5.1/?.lua", "/home/leonardson/.cache/nvim/packer_hererocks/2.1.0-beta3/share/lua/5.1/?/init.lua", "/home/leonardson/.cache/nvim/packer_hererocks/2.1.0-beta3/lib/luarocks/rocks-5.1/?.lua", "/home/leonardson/.cache/nvim/packer_hererocks/2.1.0-beta3/lib/luarocks/rocks-5.1/?/init.lua" },
      version = "LuaJIT"
    },
    telemetry = {
      enable = false
    },
    workspace = {
      library = {
        ["/tmp/.mount_nvimWLMkjW/usr/share/nvim/runtime/lua"] = true,
        ["/tmp/.mount_nvimWLMkjW/usr/share/nvim/runtime/lua/vim/lsp"] = true
      }
    }
  }
}
[20:24:52.020][info] [#0:script/provider/provider.lua:49]: Load config from .luarc.json/.luarc.jsonc	file:///home/leonardson/dotfiles
[20:24:52.020][info] [#0:script/provider/provider.lua:50]: {
  ["$schema"] = "https://raw.githubusercontent.com/sumneko/vscode-lua/master/setting/schema.json",
  ["Lua.workspace.checkThirdParty"] = false,
  ["Lua.workspace.library"] = { "${3rd}/lovr/library" }
}
[20:24:52.021][info] [#0:script/provider/provider.lua:57]: Load config from client	fallback
[20:24:52.021][info] [#0:script/provider/provider.lua:58]: {
  Lua = {
    diagnostics = {
      globals = { "vim" }
    },
    runtime = {
      path = { "./?.lua", "/home/runner/work/neovim/neovim/.deps/usr/share/luajit-2.1.0-beta3/?.lua", "/usr/local/share/lua/5.1/?.lua", "/usr/local/share/lua/5.1/?/init.lua", "/home/runner/work/neovim/neovim/.deps/usr/share/lua/5.1/?.lua", "/home/runner/work/neovim/neovim/.deps/usr/share/lua/5.1/?/init.lua", "/home/leonardson/.cache/nvim/packer_hererocks/2.1.0-beta3/share/lua/5.1/?.lua", "/home/leonardson/.cache/nvim/packer_hererocks/2.1.0-beta3/share/lua/5.1/?/init.lua", "/home/leonardson/.cache/nvim/packer_hererocks/2.1.0-beta3/lib/luarocks/rocks-5.1/?.lua", "/home/leonardson/.cache/nvim/packer_hererocks/2.1.0-beta3/lib/luarocks/rocks-5.1/?/init.lua" },
      version = "LuaJIT"
    },
    telemetry = {
      enable = false
    },
    workspace = {
      library = {
        ["/tmp/.mount_nvimWLMkjW/usr/share/nvim/runtime/lua"] = true,
        ["/tmp/.mount_nvimWLMkjW/usr/share/nvim/runtime/lua/vim/lsp"] = true
      }
    }
  }
}
[20:24:52.021][info] [#0:script/library.lua:207]: Init builtin library at:	file:///home/leonardson/dotfiles
[20:24:52.041][info] [#0:script/plugin.lua:86]: plugin path:	/home/leonardson/dotfiles
[20:24:52.041][warn] [#0:script/plugin.lua:101]: plugin not found:	/home/leonardson/dotfiles
[20:24:52.042][info] [#0:script/library.lua:207]: Init builtin library at:	nil
[20:24:52.067][info] [#0:script/provider/provider.lua:57]: Load config from client	fallback
[20:24:52.067][info] [#0:script/provider/provider.lua:58]: {
  Lua = {
    diagnostics = {
      globals = { "vim" }
    },
    runtime = {
      path = { "./?.lua", "/home/runner/work/neovim/neovim/.deps/usr/share/luajit-2.1.0-beta3/?.lua", "/usr/local/share/lua/5.1/?.lua", "/usr/local/share/lua/5.1/?/init.lua", "/home/runner/work/neovim/neovim/.deps/usr/share/lua/5.1/?.lua", "/home/runner/work/neovim/neovim/.deps/usr/share/lua/5.1/?/init.lua", "/home/leonardson/.cache/nvim/packer_hererocks/2.1.0-beta3/share/lua/5.1/?.lua", "/home/leonardson/.cache/nvim/packer_hererocks/2.1.0-beta3/share/lua/5.1/?/init.lua", "/home/leonardson/.cache/nvim/packer_hererocks/2.1.0-beta3/lib/luarocks/rocks-5.1/?.lua", "/home/leonardson/.cache/nvim/packer_hererocks/2.1.0-beta3/lib/luarocks/rocks-5.1/?/init.lua" },
      version = "LuaJIT"
    },
    telemetry = {
      enable = false
    },
    workspace = {
      library = {
        ["/tmp/.mount_nvimWLMkjW/usr/share/nvim/runtime/lua"] = true,
        ["/tmp/.mount_nvimWLMkjW/usr/share/nvim/runtime/lua/vim/lsp"] = true
      }
    }
  }
}
[20:24:52.067][info] [#0:script/provider/provider.lua:57]: Load config from client	fallback
[20:24:52.068][info] [#0:script/provider/provider.lua:58]: {
  Lua = {
    diagnostics = {
      globals = { "vim" }
    },
    runtime = {
      path = { "./?.lua", "/home/runner/work/neovim/neovim/.deps/usr/share/luajit-2.1.0-beta3/?.lua", "/usr/local/share/lua/5.1/?.lua", "/usr/local/share/lua/5.1/?/init.lua", "/home/runner/work/neovim/neovim/.deps/usr/share/lua/5.1/?.lua", "/home/runner/work/neovim/neovim/.deps/usr/share/lua/5.1/?/init.lua", "/home/leonardson/.cache/nvim/packer_hererocks/2.1.0-beta3/share/lua/5.1/?.lua", "/home/leonardson/.cache/nvim/packer_hererocks/2.1.0-beta3/share/lua/5.1/?/init.lua", "/home/leonardson/.cache/nvim/packer_hererocks/2.1.0-beta3/lib/luarocks/rocks-5.1/?.lua", "/home/leonardson/.cache/nvim/packer_hererocks/2.1.0-beta3/lib/luarocks/rocks-5.1/?/init.lua" },
      version = "LuaJIT"
    },
    telemetry = {
      enable = false
    },
    workspace = {
      library = {
        ["/tmp/.mount_nvimWLMkjW/usr/share/nvim/runtime/lua"] = true,
        ["/tmp/.mount_nvimWLMkjW/usr/share/nvim/runtime/lua/vim/lsp"] = true
      }
    }
  }
}
[20:24:52.068][info] [#0:script/workspace/workspace.lua:303]: Preload start:	file:///home/leonardson/dotfiles
[20:24:52.070][info] [#0:script/workspace/workspace.lua:309]: Scan files at:	file:///home/leonardson/dotfiles
[20:24:52.071][info] [#0:script/workspace/workspace.lua:303]: Preload start:	<fallback>
[20:24:52.073][info] [#0:script/workspace/workspace.lua:326]: Scan library at:	file:///tmp/.mount_nvimWLMkjW/usr/share/nvim/runtime/lua
[20:24:52.089][info] [#0:script/workspace/workspace.lua:326]: Scan library at:	file:///home/leonardson/dotfiles/scripts/.local/lua-language-server/meta/LuaJIT%20en-us%20utf8
[20:24:52.096][info] [#0:script/workspace/workspace.lua:326]: Scan library at:	file:///tmp/.mount_nvimWLMkjW/usr/share/nvim/runtime/lua/vim/lsp
[20:24:52.215][info] [#0:script/workspace/workspace.lua:326]: Scan library at:	file:///home/leonardson/dotfiles/scripts/.local/lua-language-server/meta/3rd/lovr/library
[20:24:52.217][info] [#0:script/workspace/workspace.lua:326]: Scan library at:	file:///home/leonardson/dotfiles/scripts/.local/lua-language-server/meta/LuaJIT%20en-us%20utf8
[20:24:52.218][info] [#0:script/workspace/workspace.lua:346]: Found 64 files at:	<fallback>
[20:24:52.218][info] [#0:script/workspace/loading.lua:152]: Load files from disk:	<fallback>
[20:24:52.218][info] [#0:script/workspace/workspace.lua:346]: Found 1076 files at:	file:///home/leonardson/dotfiles
[20:24:52.218][info] [#0:script/workspace/loading.lua:152]: Load files from disk:	file:///home/leonardson/dotfiles
[20:24:52.567][info] [#0:script/workspace/loading.lua:164]: Loaded files takes [0.443] sec: <fallback>
[20:24:52.567][info] [#0:script/workspace/loading.lua:173]: Compile files takes [0.000] sec: <fallback>
[20:24:52.567][info] [#0:script/workspace/loading.lua:174]: Loaded finish:	<fallback>
[20:24:52.567][info] [#0:script/workspace/workspace.lua:348]: Preload finish at:	<fallback>
[20:24:53.151][warn] [#0:script/proto/proto.lua:122]: Response of [workspace/diagnostic/refresh] error [-32601]: MethodNotFound
[20:24:53.151][info] [#0:script/workspace/loading.lua:164]: Loaded files takes [1.027] sec: file:///home/leonardson/dotfiles
[20:24:53.151][info] [#0:script/workspace/loading.lua:173]: Compile files takes [0.000] sec: file:///home/leonardson/dotfiles
[20:24:53.151][info] [#0:script/workspace/loading.lua:174]: Loaded finish:	file:///home/leonardson/dotfiles
[20:24:53.152][info] [#0:script/workspace/workspace.lua:348]: Preload finish at:	file:///home/leonardson/dotfiles
[20:24:53.680][warn] [#0:script/files.lua:513]: Compile [file:///home/leonardson/dotfiles/scripts/.local/lua-language-server/meta/3rd/Jass/library/jass/common.lua] takes [0.123] sec, size [448.808] kb.
[20:24:53.879][warn] [#0:script/files.lua:524]: Parse LuaDoc of [file:///home/leonardson/dotfiles/scripts/.local/lua-language-server/meta/3rd/Jass/library/jass/common.lua] takes [0.199] sec, size [448.808] kb.
[20:24:56.921][warn] [#0:script/files.lua:513]: Compile [file:///home/leonardson/dotfiles/scripts/.local/lua-language-server/meta/default%20utf8/System.Net.WebSockets.lua] takes [0.290] sec, size [13.224] kb.
[20:24:57.129][warn] [#0:script/files.lua:513]: Compile [file:///home/leonardson/dotfiles/scripts/.local/lua-language-server/meta/default%20utf8/System.lua] takes [0.152] sec, size [428.566] kb.
[20:24:57.508][warn] [#0:script/files.lua:524]: Parse LuaDoc of [file:///home/leonardson/dotfiles/scripts/.local/lua-language-server/meta/default%20utf8/System.lua] takes [0.379] sec, size [428.566] kb.
[20:24:58.473][warn] [#0:script/files.lua:524]: Parse LuaDoc of [file:///home/leonardson/dotfiles/scripts/.local/lua-language-server/meta/default%20utf8/System.Runtime.InteropServices.lua] takes [0.140] sec, size [216.968] kb.
[20:24:59.574][warn] [#0:script/files.lua:524]: Parse LuaDoc of [file:///home/leonardson/dotfiles/scripts/.local/lua-language-server/meta/default%20utf8/System.Security.Claims.lua] takes [0.438] sec, size [11.321] kb.
[20:24:59.785][warn] [#0:script/files.lua:524]: Parse LuaDoc of [file:///home/leonardson/dotfiles/scripts/.local/lua-language-server/meta/default%20utf8/UnityEngine.UIElements.lua] takes [0.146] sec, size [305.510] kb.
[20:25:00.758][warn] [#0:script/files.lua:524]: Parse LuaDoc of [file:///home/leonardson/dotfiles/scripts/.local/lua-language-server/meta/default%20utf8/UnityEngine.Rendering.lua] takes [0.167] sec, size [436.882] kb.
[20:25:03.172][warn] [#0:script/files.lua:513]: Compile [file:///home/leonardson/dotfiles/scripts/.local/lua-language-server/meta/default%20utf8/System.Xml.lua] takes [0.665] sec, size [177.260] kb.
[20:25:03.322][warn] [#0:script/files.lua:524]: Parse LuaDoc of [file:///home/leonardson/dotfiles/scripts/.local/lua-language-server/meta/default%20utf8/System.Xml.lua] takes [0.150] sec, size [177.260] kb.
[20:25:03.635][warn] [#0:script/files.lua:524]: Parse LuaDoc of [file:///home/leonardson/dotfiles/scripts/.local/lua-language-server/meta/default%20utf8/System.Reflection.Emit.lua] takes [0.103] sec, size [135.307] kb.
[20:25:05.826][info] [#0:script/provider/diagnostic.lua:486]: Diagnostics scope [file:///home/leonardson/dotfiles], files count:[1047]
[20:25:05.826][info] [#0:script/provider/provider.lua:168]: Server shutdown.
[20:25:05.826][warn] [#0:script/pub/report.lua:25]: Load proto error:	Disconnected!
